0 info it worked if it ends with ok
1 verbose cli [ '/usr/local/bin/node',
1 verbose cli   '/usr/local/bin/npm',
1 verbose cli   'install',
1 verbose cli   'phyton' ]
2 info using npm@1.4.28
3 info using node@v0.13.0-pre
4 verbose cache add [ 'phyton', null ]
5 verbose cache add name=undefined spec="phyton" args=["phyton",null]
6 verbose parsed url { protocol: null,
6 verbose parsed url   slashes: null,
6 verbose parsed url   auth: null,
6 verbose parsed url   host: null,
6 verbose parsed url   port: null,
6 verbose parsed url   hostname: null,
6 verbose parsed url   hash: null,
6 verbose parsed url   search: null,
6 verbose parsed url   query: null,
6 verbose parsed url   pathname: 'phyton',
6 verbose parsed url   path: 'phyton',
6 verbose parsed url   href: 'phyton' }
7 silly lockFile f5217026-phyton phyton
8 verbose lock phyton /Users/cihan/.npm/f5217026-phyton.lock
9 silly lockFile f5217026-phyton phyton
10 silly lockFile f5217026-phyton phyton
11 verbose addNamed [ 'phyton', '' ]
12 verbose addNamed [ null, '*' ]
13 silly lockFile 8aa2ba60-phyton phyton@
14 verbose lock phyton@ /Users/cihan/.npm/8aa2ba60-phyton.lock
15 silly addNameRange { name: 'phyton', range: '*', hasData: false }
16 verbose request where is /phyton
17 verbose request registry https://registry.npmjs.org/
18 verbose request id 089276ce3c34b295
19 verbose url raw /phyton
20 verbose url resolving [ 'https://registry.npmjs.org/', './phyton' ]
21 verbose url resolved https://registry.npmjs.org/phyton
22 verbose request where is https://registry.npmjs.org/phyton
23 info trying registry request attempt 1 at 22:47:11
24 http GET https://registry.npmjs.org/phyton
25 http 404 https://registry.npmjs.org/phyton
26 silly registry.get cb [ 404,
26 silly registry.get   { 'content-type': 'application/json',
26 silly registry.get     'cache-control': 'max-age=0',
26 silly registry.get     'content-length': '2',
26 silly registry.get     'accept-ranges': 'bytes',
26 silly registry.get     date: 'Sat, 09 Jul 2016 05:47:12 GMT',
26 silly registry.get     via: '1.1 varnish',
26 silly registry.get     age: '0',
26 silly registry.get     connection: 'close',
26 silly registry.get     'x-served-by': 'cache-sjc3131-SJC',
26 silly registry.get     'x-cache': 'MISS',
26 silly registry.get     'x-cache-hits': '0',
26 silly registry.get     'x-timer': 'S1468043231.950542,VS0,VE88',
26 silly registry.get     vary: 'Accept-Encoding' } ]
27 silly lockFile 8aa2ba60-phyton phyton@
28 silly lockFile 8aa2ba60-phyton phyton@
29 error 404 Not Found
29 error 404
29 error 404 'phyton' is not in the npm registry.
29 error 404 You should bug the author to publish it
29 error 404
29 error 404 Note that you can also install from a
29 error 404 tarball, folder, or http url, or git url.
30 error System Darwin 15.5.0
31 error command "/usr/local/bin/node" "/usr/local/bin/npm" "install" "phyton"
32 error cwd /Users/cihan/phyton-test
33 error node -v v0.13.0-pre
34 error npm -v 1.4.28
35 error code E404
36 verbose exit [ 1, true ]
